[debug] [2017-08-02T11:20:39.800Z] ----------------------------------------------------------------------
[debug] [2017-08-02T11:20:39.816Z] Command:      C:\Program Files\nodejs\node.exe C:\Users\Gabzer\AppData\Roaming\npm\node_modules\firebase-tools\bin\firebase deploy
[debug] [2017-08-02T11:20:39.816Z] CLI Version:  3.9.1
[debug] [2017-08-02T11:20:39.816Z] Platform:     win32
[debug] [2017-08-02T11:20:39.816Z] Node Version: v6.11.0
[debug] [2017-08-02T11:20:39.816Z] Time:         Wed Aug 02 2017 08:20:39 GMT-0300 (Hora oficial do Brasil)
[debug] [2017-08-02T11:20:39.816Z] ----------------------------------------------------------------------
[debug] 
[debug] [2017-08-02T11:20:39.847Z] > command requires scopes: ["email","openid","https://www.googleapis.com/auth/cloudplatformprojects.readonly","https://www.googleapis.com/auth/firebase","https://www.googleapis.com/auth/cloud-platform"]
[debug] [2017-08-02T11:20:39.847Z] > authorizing via signed-in user
[debug] [2017-08-02T11:20:39.847Z] > refreshing access token with scopes: ["email","https://www.googleapis.com/auth/cloud-platform","https://www.googleapis.com/auth/cloudplatformprojects.readonly","https://www.googleapis.com/auth/firebase","openid"]
[debug] [2017-08-02T11:20:39.847Z] >>> HTTP REQUEST POST https://www.googleapis.com/oauth2/v3/token { refresh_token: '1/q33VGV-ILEwuRlpMH94QSgUY4CrEBlYnHmprPIH_0BYgvS23nfI_gilOlzJnbRM8',
  client_id: '563584335869-fgrhgmd47bqnekij5i8b5pr03ho849e6.apps.googleusercontent.com',
  client_secret: 'j9iVZfS8kkCEFUPaAeJV0sAi',
  grant_type: 'refresh_token',
  scope: 'email https://www.googleapis.com/auth/cloud-platform https://www.googleapis.com/auth/cloudplatformprojects.readonly https://www.googleapis.com/auth/firebase openid' } 
 Wed Aug 02 2017 08:20:39 GMT-0300 (Hora oficial do Brasil)
[debug] [2017-08-02T11:20:40.742Z] <<< HTTP RESPONSE 200
[debug] [2017-08-02T11:20:40.823Z] >>> HTTP REQUEST GET https://admin.firebase.com/v1/projects/meucurriculum-20460  
 Wed Aug 02 2017 08:20:40 GMT-0300 (Hora oficial do Brasil)
[debug] [2017-08-02T11:20:42.729Z] <<< HTTP RESPONSE 200
[debug] [2017-08-02T11:20:42.729Z] >>> HTTP REQUEST GET https://admin.firebase.com/v1/database/meucurriculum-20460/tokens  
 Wed Aug 02 2017 08:20:42 GMT-0300 (Hora oficial do Brasil)
[debug] [2017-08-02T11:20:43.761Z] <<< HTTP RESPONSE 200
